<persistence version="2.0"
	xmlns="http://java.sun.com/xml/ns/persistence" xmlns:xsi="http://www.w3.org/2001/XMLSchema-instance"
	xsi:schemaLocation="http://java.sun.com/xml/ns/persistence http://java.sun.com/xml/ns/persistence/persistence_2_0.xsd">

	<persistence-unit name="batimenPU" transaction-type="JTA">
		<provider>org.hibernate.ejb.HibernatePersistence</provider>
		<jta-data-source>jdbc/__BatimenPGTest</jta-data-source>
		<properties>
			<!-- Properties for Hibernate -->
			<property name="hibernate.hbm2ddl.auto" value="validate" />
			<!-- on doit mettre on_close pour pouvoir changer le niveau d'isolation 
				d'une transaction -->
			<property name="hibernate.connection.release_mode" value="on_close" />

			<!-- Pour que Glassfish charge hibernate -->
			<property name="hibernate.transaction.jta.platform"
				value="org.hibernate.service.jta.platform.internal.SunOneJtaPlatform" />
			<property name="hibernate.transaction.auto_close_session"
				value="false" />
			<property name="hibernate.dialect" value="org.hibernate.dialect.PostgreSQLDialect" />
			<property name="hibernate.show_sql" value="${hibernate.show_sql}" />
			<property name="hibernate.format_sql" value="${hibernate.format_sql}" />
			<property name="hibernate.use_sql_comments" value="${hibernate.use_sql_comments}" />
			<property name="hibernate.cache.use_second_level_cache"
				value="false" />
			<property name="hibernate.cache.use_query_cache" value="false" />
			<property name="hibernate.cache.provider_class" value="org.hibernate.cache.EhCacheProvider" />
		</properties>
	</persistence-unit>
</persistence>